#! /usr/bin/vvp
:ivl_version "10.3 (stable)";
:ivl_delay_selection "TYPICAL";
:vpi_time_precision + 0;
:vpi_module "system";
:vpi_module "vhdl_sys";
:vpi_module "v2005_math";
:vpi_module "va_math";
S_0x557388532100 .scope module, "Execute" "Execute" 2 1;
 .timescale 0 0;
    .port_info 0 /INPUT 1 "clk"
    .port_info 1 /INPUT 1 "w_insn"
    .port_info 2 /INPUT 16 "port1_value"
    .port_info 3 /INPUT 16 "port2_value"
o0x7ffa4b3ac018 .functor BUFZ 1, C4<z>; HiZ drive
v0x557388532330_0 .net "clk", 0 0, o0x7ffa4b3ac018;  0 drivers
v0x5573885770b0_0 .var "insn", 15 0;
o0x7ffa4b3ac078 .functor BUFZ 16, C4<zzzzzzzzzzzzzzzz>; HiZ drive
v0x557388577190_0 .net "port1_value", 15 0, o0x7ffa4b3ac078;  0 drivers
o0x7ffa4b3ac0a8 .functor BUFZ 16, C4<zzzzzzzzzzzzzzzz>; HiZ drive
v0x557388577280_0 .net "port2_value", 15 0, o0x7ffa4b3ac0a8;  0 drivers
v0x557388577360_0 .var "res", 15 0;
o0x7ffa4b3ac108 .functor BUFZ 1, C4<z>; HiZ drive
v0x557388577490_0 .net "w_insn", 0 0, o0x7ffa4b3ac108;  0 drivers
E_0x5573885674f0 .event posedge, v0x557388532330_0;
    .scope S_0x557388532100;
T_0 ;
    %wait E_0x5573885674f0;
    %load/vec4 v0x557388577490_0;
    %pad/u 16;
    %store/vec4 v0x5573885770b0_0, 0, 16;
    %load/vec4 v0x5573885770b0_0;
    %parti/s 2, 14, 5;
    %cmpi/e 0, 0, 2;
    %jmp/0xz  T_0.0, 6;
    %load/vec4 v0x5573885770b0_0;
    %parti/s 2, 12, 5;
    %dup/vec4;
    %pushi/vec4 0, 0, 2;
    %cmp/u;
    %jmp/1 T_0.2, 6;
    %dup/vec4;
    %pushi/vec4 1, 0, 2;
    %cmp/u;
    %jmp/1 T_0.3, 6;
    %dup/vec4;
    %pushi/vec4 2, 0, 2;
    %cmp/u;
    %jmp/1 T_0.4, 6;
    %dup/vec4;
    %pushi/vec4 3, 0, 2;
    %cmp/u;
    %jmp/1 T_0.5, 6;
    %jmp T_0.6;
T_0.2 ;
    %load/vec4 v0x557388577190_0;
    %load/vec4 v0x557388577280_0;
    %add;
    %store/vec4 v0x557388577360_0, 0, 16;
    %jmp T_0.6;
T_0.3 ;
    %load/vec4 v0x557388577190_0;
    %load/vec4 v0x557388577280_0;
    %sub;
    %store/vec4 v0x557388577360_0, 0, 16;
    %jmp T_0.6;
T_0.4 ;
    %load/vec4 v0x557388577190_0;
    %load/vec4 v0x557388577280_0;
    %mul;
    %store/vec4 v0x557388577360_0, 0, 16;
    %jmp T_0.6;
T_0.5 ;
    %load/vec4 v0x557388577190_0;
    %store/vec4 v0x557388577360_0, 0, 16;
    %jmp T_0.6;
T_0.6 ;
    %pop/vec4 1;
T_0.0 ;
    %jmp T_0;
    .thread T_0;
# The file index is used to find the file name in the following table.
:file_names 3;
    "N/A";
    "<interactive>";
    "exec.v";
