#! /usr/bin/vvp
:ivl_version "10.3 (stable)";
:ivl_delay_selection "TYPICAL";
:vpi_time_precision + 0;
:vpi_module "system";
:vpi_module "vhdl_sys";
:vpi_module "v2005_math";
:vpi_module "va_math";
S_0x55ce29aa6130 .scope module, "ReadOnlyMemory" "ReadOnlyMemory" 2 1;
 .timescale 0 0;
    .port_info 0 /INPUT 1 "clk"
    .port_info 1 /INPUT 16 "fetch_address"
    .port_info 2 /OUTPUT 16 "fetch_read_value"
o0x7feea240f018 .functor BUFZ 1, C4<z>; HiZ drive
v0x55ce29aa6320_0 .net "clk", 0 0, o0x7feea240f018;  0 drivers
o0x7feea240f048 .functor BUFZ 16, C4<zzzzzzzzzzzzzzzz>; HiZ drive
v0x55ce29ae9c50_0 .net "fetch_address", 15 0, o0x7feea240f048;  0 drivers
v0x55ce29ae9d30_0 .var "fetch_read_value", 15 0;
v0x55ce29ae9df0 .array "mem", 500 0, 15 0;
E_0x55ce29aa6a70 .event posedge, v0x55ce29aa6320_0;
    .scope S_0x55ce29aa6130;
T_0 ;
    %vpi_call 2 13 "$readmemh", "romimg.mem", v0x55ce29ae9df0 {0 0 0};
    %end;
    .thread T_0;
    .scope S_0x55ce29aa6130;
T_1 ;
    %wait E_0x55ce29aa6a70;
    %ix/getv 4, v0x55ce29ae9c50_0;
    %load/vec4a v0x55ce29ae9df0, 4;
    %assign/vec4 v0x55ce29ae9d30_0, 0;
    %jmp T_1;
    .thread T_1;
# The file index is used to find the file name in the following table.
:file_names 3;
    "N/A";
    "<interactive>";
    "rom.v";
